<?xml version="1.0" encoding="UTF-8"?>
<robot generator="Robot 3.0.2 (Python 3.6.4 on win32)" generated="20180323 13:19:09.322">
<suite id="s1" name="DB" source="C:\Ashok_test\Jython\DB.robot">
<test id="s1-t1" name="Provided precondition">
<kw name="Connect To Database" library="DatabaseLibrary">
<doc>Loads the DB API 2.0 module given `dbapiModuleName` then uses it to</doc>
<arguments>
<arg>pymysql</arg>
<arg>qa6_ol01</arg>
<arg>qa6_ol01</arg>
<arg>olqa6pass</arg>
<arg>qamysqldb06.3gqa.satmetrix.com</arg>
<arg>3312</arg>
</arguments>
<msg timestamp="20180323 13:19:09.542" level="INFO">Connecting using : pymysql.connect(db=qa6_ol01, user=qa6_ol01, passwd=olqa6pass, host=qamysqldb06.3gqa.satmetrix.com, port=3312, charset=None) </msg>
<status status="PASS" starttime="20180323 13:19:09.442" endtime="20180323 13:19:09.763"></status>
</kw>
<kw name="Query" library="DatabaseLibrary">
<doc>Uses the input `selectStatement` to query for the values that will be returned as a list of tuples. Set optional</doc>
<arguments>
<arg>select * from core_party where party_type_code = 'ENTERPRISE' and primary_idfier = 'VIEWPIN';</arg>
</arguments>
<assign>
<var>${x}</var>
</assign>
<msg timestamp="20180323 13:19:09.763" level="INFO">Executing : Query  |  select * from core_party where party_type_code = 'ENTERPRISE' and primary_idfier = 'VIEWPIN'; </msg>
<msg timestamp="20180323 13:19:09.893" level="INFO">${x} = ((6493, 6493, 'Y', 'VIEWPIN', 'ENTERPRISE', 6493, None, 'sagi.varma@satmetrix.com', '+44-2073571000', None, '', 'www.VIEWPIN.com', None, None, None, None, None, None, None, None, None, 'Tower Place Ea...</msg>
<status status="PASS" starttime="20180323 13:19:09.763" endtime="20180323 13:19:09.893"></status>
</kw>
<kw name="Log" library="BuiltIn">
<doc>Logs the given message with the given level.</doc>
<arguments>
<arg>${x}</arg>
</arguments>
<msg timestamp="20180323 13:19:09.893" level="INFO">((6493, 6493, 'Y', 'VIEWPIN', 'ENTERPRISE', 6493, None, 'sagi.varma@satmetrix.com', '+44-2073571000', None, '', 'www.VIEWPIN.com', None, None, None, None, None, None, None, None, None, 'Tower Place East', '', '', 'London', '', None, 'EC3R5BU', 'UK', 'United Kingdom', 'Tower Place East,,,London,London,,United Kingdom', 'GMT', None, None, '', '', '', None, None, 'M', 'EMAIL', 'sagi.varma@satmetrix.com', None, None, None, 'Registration for VIEWPIN', 'Y', None, None, None, -90, datetime.datetime(2016, 10, 3, 7, 52, 3, 584000), -90, datetime.datetime(2016, 10, 3, 7, 52, 3, 584000), Decimal('0'), -1, 9999, None, 'SAGI.VARMA@SATMETRIX.COM', None, None, None, None, None, None, None),)</msg>
<status status="PASS" starttime="20180323 13:19:09.893" endtime="20180323 13:19:09.893"></status>
</kw>
<status status="PASS" starttime="20180323 13:19:09.442" endtime="20180323 13:19:09.893" critical="yes"></status>
</test>
<doc>Suite description</doc>
<status status="PASS" starttime="20180323 13:19:09.332" endtime="20180323 13:19:09.893"></status>
</suite>
<statistics>
<total>
<stat pass="1" fail="0">Critical Tests</stat>
<stat pass="1" fail="0">All Tests</stat>
</total>
<tag>
</tag>
<suite>
<stat pass="1" fail="0" id="s1" name="DB">DB</stat>
</suite>
</statistics>
<errors>
</errors>
</robot>
